<?xml version="1.0" encoding="UTF-8"?>
<testng-results ignored="0" total="1" passed="1" failed="0" skipped="0">
  <reporter-output>
  </reporter-output>
  <suite started-at="2025-06-14T16:27:02 IST" name="Default suite" finished-at="2025-06-14T16:27:15 IST" duration-ms="13001">
    <groups>
    </groups>
    <test started-at="2025-06-14T16:27:02 IST" name="Default test" finished-at="2025-06-14T16:27:15 IST" duration-ms="13001">
      <class name="dropdown.DropdownTest">
        <test-method is-config="true" signature="SetUp()[pri:0, instance:dropdown.DropdownTest@18271936]" started-at="2025-06-14T16:27:02 IST" name="SetUp" finished-at="2025-06-14T16:27:05 IST" duration-ms="2880" status="PASS">
          <reporter-output>
          </reporter-output>
        </test-method> <!-- SetUp -->
        <test-method is-config="true" signature="Launch_URL()[pri:0, instance:dropdown.DropdownTest@18271936]" started-at="2025-06-14T16:27:05 IST" name="Launch_URL" finished-at="2025-06-14T16:27:13 IST" duration-ms="8000" status="PASS">
          <reporter-output>
          </reporter-output>
        </test-method> <!-- Launch_URL -->
        <test-method signature="testSelectOptions()[pri:0, instance:dropdown.DropdownTest@18271936]" started-at="2025-06-14T16:27:13 IST" name="testSelectOptions" finished-at="2025-06-14T16:27:15 IST" duration-ms="1573" status="PASS">
          <reporter-output>
          </reporter-output>
        </test-method> <!-- testSelectOptions -->
        <test-method is-config="true" signature="takeScreenshot(org.testng.ITestResult)[pri:0, instance:dropdown.DropdownTest@18271936]" started-at="2025-06-14T16:27:15 IST" name="takeScreenshot" finished-at="2025-06-14T16:27:15 IST" duration-ms="192" status="PASS">
          <params>
            <param index="0">
              <value>
                <![CDATA[[TestResult name=testSelectOptions status=SUCCESS method=DropdownTest.testSelectOptions()[pri:0, instance:dropdown.DropdownTest@18271936] output={null}]]]>
              </value>
            </param>
          </params>
          <reporter-output>
          </reporter-output>
        </test-method> <!-- takeScreenshot -->
        <test-method is-config="true" signature="tearDown()[pri:0, instance:dropdown.DropdownTest@18271936]" started-at="2025-06-14T16:27:15 IST" name="tearDown" finished-at="2025-06-14T16:27:15 IST" duration-ms="291" status="PASS">
          <reporter-output>
          </reporter-output>
        </test-method> <!-- tearDown -->
      </class> <!-- dropdown.DropdownTest -->
    </test> <!-- Default test -->
  </suite> <!-- Default suite -->
</testng-results>
